c:\users\asus\desktop\game\gamedev-intro-tutorials\03-keyboard-states\debug\vc141.pdb
c:\users\asus\desktop\game\gamedev-intro-tutorials\03-keyboard-states\debug\vc141.idb
c:\users\asus\desktop\game\gamedev-intro-tutorials\03-keyboard-states\debug\textures.obj
c:\users\asus\desktop\game\gamedev-intro-tutorials\03-keyboard-states\debug\sprites.obj
c:\users\asus\desktop\game\gamedev-intro-tutorials\03-keyboard-states\debug\mario.obj
c:\users\asus\desktop\game\gamedev-intro-tutorials\03-keyboard-states\debug\main.obj
c:\users\asus\desktop\game\gamedev-intro-tutorials\03-keyboard-states\debug\gameobject.obj
c:\users\asus\desktop\game\gamedev-intro-tutorials\03-keyboard-states\debug\game.obj
c:\users\asus\desktop\game\gamedev-intro-tutorials\03-keyboard-states\debug\debug.obj
c:\users\asus\desktop\game\gamedev-intro-tutorials\debug\03-keyboard-states.ilk
c:\users\asus\desktop\game\gamedev-intro-tutorials\debug\03-keyboard-states.exe
c:\users\asus\desktop\game\gamedev-intro-tutorials\debug\03-keyboard-states.pdb
d:\new folder (2)\game\gamedev-intro-tutorials - copy\03-keyboard-states\debug\debug.obj
d:\new folder (2)\game\gamedev-intro-tutorials - copy\03-keyboard-states\debug\game.obj
d:\new folder (2)\game\gamedev-intro-tutorials - copy\03-keyboard-states\debug\gameobject.obj
d:\new folder (2)\game\gamedev-intro-tutorials - copy\03-keyboard-states\debug\main.obj
d:\new folder (2)\game\gamedev-intro-tutorials - copy\03-keyboard-states\debug\mario.obj
d:\new folder (2)\game\gamedev-intro-tutorials - copy\03-keyboard-states\debug\sprites.obj
d:\new folder (2)\game\gamedev-intro-tutorials - copy\03-keyboard-states\debug\textures.obj
d:\new folder (2)\game\gamedev-intro-tutorials - copy\03-keyboard-states\debug\vc141.idb
d:\new folder (2)\game\gamedev-intro-tutorials - copy\03-keyboard-states\debug\vc141.pdb
d:\new folder (2)\game\gamedev-intro-tutorials - copy\debug\03-keyboard-states.pdb
d:\new folder (2)\game\gamedev-intro-tutorials - copy\debug\03-keyboard-states.exe
d:\new folder (2)\game\gamedev-intro-tutorials - copy\debug\03-keyboard-states.ilk
d:\new folder (2)\game\gamedev-intro-tutorials - copy\03-keyboard-states\debug\03-keybo.5bb3dc44.tlog\cl.command.1.tlog
d:\new folder (2)\game\gamedev-intro-tutorials - copy\03-keyboard-states\debug\03-keybo.5bb3dc44.tlog\cl.read.1.tlog
d:\new folder (2)\game\gamedev-intro-tutorials - copy\03-keyboard-states\debug\03-keybo.5bb3dc44.tlog\cl.write.1.tlog
d:\new folder (2)\game\gamedev-intro-tutorials - copy\03-keyboard-states\debug\03-keybo.5bb3dc44.tlog\link.command.1.tlog
d:\new folder (2)\game\gamedev-intro-tutorials - copy\03-keyboard-states\debug\03-keybo.5bb3dc44.tlog\link.read.1.tlog
d:\new folder (2)\game\gamedev-intro-tutorials - copy\03-keyboard-states\debug\03-keybo.5bb3dc44.tlog\link.write.1.tlog
