c:\users\asus\desktop\game\gamedev-intro-tutorials\02-sprite\debug\vc141.pdb
c:\users\asus\desktop\game\gamedev-intro-tutorials\02-sprite\debug\vc141.idb
c:\users\asus\desktop\game\gamedev-intro-tutorials\02-sprite\debug\textures.obj
c:\users\asus\desktop\game\gamedev-intro-tutorials\02-sprite\debug\sprites.obj
c:\users\asus\desktop\game\gamedev-intro-tutorials\02-sprite\debug\main.obj
c:\users\asus\desktop\game\gamedev-intro-tutorials\02-sprite\debug\gameobject.obj
c:\users\asus\desktop\game\gamedev-intro-tutorials\02-sprite\debug\game.obj
c:\users\asus\desktop\game\gamedev-intro-tutorials\02-sprite\debug\debug.obj
c:\users\asus\desktop\game\gamedev-intro-tutorials\debug\02-sprite.ilk
c:\users\asus\desktop\game\gamedev-intro-tutorials\debug\02-sprite.exe
c:\users\asus\desktop\game\gamedev-intro-tutorials\debug\02-sprite.pdb
d:\new folder (2)\game\gamedev-intro-tutorials - copy\02-sprite\debug\debug.obj
d:\new folder (2)\game\gamedev-intro-tutorials - copy\02-sprite\debug\game.obj
d:\new folder (2)\game\gamedev-intro-tutorials - copy\02-sprite\debug\gameobject.obj
d:\new folder (2)\game\gamedev-intro-tutorials - copy\02-sprite\debug\main.obj
d:\new folder (2)\game\gamedev-intro-tutorials - copy\02-sprite\debug\sprites.obj
d:\new folder (2)\game\gamedev-intro-tutorials - copy\02-sprite\debug\textures.obj
d:\new folder (2)\game\gamedev-intro-tutorials - copy\02-sprite\debug\vc141.idb
d:\new folder (2)\game\gamedev-intro-tutorials - copy\02-sprite\debug\vc141.pdb
d:\new folder (2)\game\gamedev-intro-tutorials - copy\debug\02-sprite.pdb
d:\new folder (2)\game\gamedev-intro-tutorials - copy\debug\02-sprite.exe
d:\new folder (2)\game\gamedev-intro-tutorials - copy\debug\02-sprite.ilk
d:\new folder (2)\game\gamedev-intro-tutorials - copy\02-sprite\debug\02-sprite.tlog\cl.command.1.tlog
d:\new folder (2)\game\gamedev-intro-tutorials - copy\02-sprite\debug\02-sprite.tlog\cl.read.1.tlog
d:\new folder (2)\game\gamedev-intro-tutorials - copy\02-sprite\debug\02-sprite.tlog\cl.write.1.tlog
d:\new folder (2)\game\gamedev-intro-tutorials - copy\02-sprite\debug\02-sprite.tlog\link.command.1.tlog
d:\new folder (2)\game\gamedev-intro-tutorials - copy\02-sprite\debug\02-sprite.tlog\link.read.1.tlog
d:\new folder (2)\game\gamedev-intro-tutorials - copy\02-sprite\debug\02-sprite.tlog\link.write.1.tlog
