c:\users\asus\desktop\game\gamedev-intro-tutorials\01-skeleton\debug\vc141.pdb
c:\users\asus\desktop\game\gamedev-intro-tutorials\01-skeleton\debug\vc141.idb
c:\users\asus\desktop\game\gamedev-intro-tutorials\01-skeleton\debug\main.obj
c:\users\asus\desktop\game\gamedev-intro-tutorials\01-skeleton\debug\gameobject.obj
c:\users\asus\desktop\game\gamedev-intro-tutorials\01-skeleton\debug\game.obj
c:\users\asus\desktop\game\gamedev-intro-tutorials\01-skeleton\debug\debug.obj
c:\users\asus\desktop\game\gamedev-intro-tutorials\debug\01-skeleton.ilk
c:\users\asus\desktop\game\gamedev-intro-tutorials\debug\01-skeleton.exe
c:\users\asus\desktop\game\gamedev-intro-tutorials\debug\01-skeleton.pdb
d:\new folder (2)\game\gamedev-intro-tutorials - copy\01-skeleton\debug\debug.obj
d:\new folder (2)\game\gamedev-intro-tutorials - copy\01-skeleton\debug\game.obj
d:\new folder (2)\game\gamedev-intro-tutorials - copy\01-skeleton\debug\gameobject.obj
d:\new folder (2)\game\gamedev-intro-tutorials - copy\01-skeleton\debug\main.obj
d:\new folder (2)\game\gamedev-intro-tutorials - copy\01-skeleton\debug\vc141.idb
d:\new folder (2)\game\gamedev-intro-tutorials - copy\01-skeleton\debug\vc141.pdb
d:\new folder (2)\game\gamedev-intro-tutorials - copy\debug\01-skeleton.pdb
d:\new folder (2)\game\gamedev-intro-tutorials - copy\debug\01-skeleton.exe
d:\new folder (2)\game\gamedev-intro-tutorials - copy\debug\01-skeleton.ilk
d:\new folder (2)\game\gamedev-intro-tutorials - copy\01-skeleton\debug\01-skeleton.tlog\cl.command.1.tlog
d:\new folder (2)\game\gamedev-intro-tutorials - copy\01-skeleton\debug\01-skeleton.tlog\cl.read.1.tlog
d:\new folder (2)\game\gamedev-intro-tutorials - copy\01-skeleton\debug\01-skeleton.tlog\cl.write.1.tlog
d:\new folder (2)\game\gamedev-intro-tutorials - copy\01-skeleton\debug\01-skeleton.tlog\link.command.1.tlog
d:\new folder (2)\game\gamedev-intro-tutorials - copy\01-skeleton\debug\01-skeleton.tlog\link.read.1.tlog
d:\new folder (2)\game\gamedev-intro-tutorials - copy\01-skeleton\debug\01-skeleton.tlog\link.write.1.tlog
