d:\new folder (2)\24122018\gamedev\04-collision\debug\vc141.pdb
d:\new folder (2)\24122018\gamedev\04-collision\debug\vc141.idb
d:\new folder (2)\24122018\gamedev\04-collision\debug\gamestate.obj
d:\new folder (2)\24122018\gamedev\04-collision\debug\gameobject.obj
d:\new folder (2)\24122018\gamedev\04-collision\debug\game.obj
d:\new folder (2)\24122018\gamedev\04-collision\debug\fishman.obj
d:\new folder (2)\24122018\gamedev\04-collision\debug\fireball.obj
d:\new folder (2)\24122018\gamedev\04-collision\debug\enemy.obj
d:\new folder (2)\24122018\gamedev\04-collision\debug\door.obj
d:\new folder (2)\24122018\gamedev\04-collision\debug\debug.obj
d:\new folder (2)\24122018\gamedev\04-collision\debug\dagger.obj
d:\new folder (2)\24122018\gamedev\04-collision\debug\collidereffect.obj
d:\new folder (2)\24122018\gamedev\04-collision\debug\cell.obj
d:\new folder (2)\24122018\gamedev\04-collision\debug\castle.obj
d:\new folder (2)\24122018\gamedev\04-collision\debug\candle.obj
d:\new folder (2)\24122018\gamedev\04-collision\debug\camera.obj
d:\new folder (2)\24122018\gamedev\04-collision\debug\brick.obj
d:\new folder (2)\24122018\gamedev\04-collision\debug\boomerang.obj
d:\new folder (2)\24122018\gamedev\04-collision\debug\blackleopard.obj
d:\new folder (2)\24122018\gamedev\04-collision\debug\batstartgame.obj
d:\new folder (2)\24122018\gamedev\04-collision\debug\batintro.obj
d:\new folder (2)\24122018\gamedev\04-collision\debug\axe.obj
d:\new folder (2)\24122018\gamedev\04-collision\debug\statemanager.obj
d:\new folder (2)\24122018\gamedev\04-collision\debug\stateintro.obj
d:\new folder (2)\24122018\gamedev\04-collision\debug\startkeyobject.obj
d:\new folder (2)\24122018\gamedev\04-collision\debug\staircheckobject.obj
d:\new folder (2)\24122018\gamedev\04-collision\debug\stair.obj
d:\new folder (2)\24122018\gamedev\04-collision\debug\sprites.obj
d:\new folder (2)\24122018\gamedev\04-collision\debug\simonrespawnpositionobject.obj
d:\new folder (2)\24122018\gamedev\04-collision\debug\simon.obj
d:\new folder (2)\24122018\gamedev\04-collision\debug\scoreboard.obj
d:\new folder (2)\24122018\gamedev\04-collision\debug\scenes.obj
d:\new folder (2)\24122018\gamedev\04-collision\debug\phantombat.obj
d:\new folder (2)\24122018\gamedev\04-collision\debug\morningstar.obj
d:\new folder (2)\24122018\gamedev\04-collision\debug\mapcollision.obj
d:\new folder (2)\24122018\gamedev\04-collision\debug\main.obj
d:\new folder (2)\24122018\gamedev\04-collision\debug\loadresources.obj
d:\new folder (2)\24122018\gamedev\04-collision\debug\item.obj
d:\new folder (2)\24122018\gamedev\04-collision\debug\hp.obj
d:\new folder (2)\24122018\gamedev\04-collision\debug\holywater.obj
d:\new folder (2)\24122018\gamedev\04-collision\debug\helicopter.obj
d:\new folder (2)\24122018\gamedev\04-collision\debug\grid.obj
d:\new folder (2)\24122018\gamedev\04-collision\debug\zombie.obj
d:\new folder (2)\24122018\gamedev\04-collision\debug\weapons.obj
d:\new folder (2)\24122018\gamedev\04-collision\debug\watereffects.obj
d:\new folder (2)\24122018\gamedev\04-collision\debug\watereffect.obj
d:\new folder (2)\24122018\gamedev\04-collision\debug\wall.obj
d:\new folder (2)\24122018\gamedev\04-collision\debug\vampirebat.obj
d:\new folder (2)\24122018\gamedev\04-collision\debug\transparentobject.obj
d:\new folder (2)\24122018\gamedev\04-collision\debug\torch.obj
d:\new folder (2)\24122018\gamedev\04-collision\debug\tilemap.obj
d:\new folder (2)\24122018\gamedev\04-collision\debug\textures.obj
d:\new folder (2)\24122018\gamedev\04-collision\debug\stopwatch.obj
d:\new folder (2)\24122018\gamedev\04-collision\debug\statestartgame.obj
d:\new folder (2)\24122018\gamedev\04-collision\debug\stateoutcastle.obj
d:\new folder (2)\24122018\gamedev\04-collision\debug\stateone.obj
d:\new folder (2)\24122018\gamedev\debug\04-collision.exe
d:\new folder (2)\24122018\gamedev\debug\04-collision.ilk
d:\new folder (2)\24122018\gamedev\debug\04-collision.pdb
d:\new folder (2)\24122018\gamedev\04-collision\debug\04-collision.tlog\cl.command.1.tlog
d:\new folder (2)\24122018\gamedev\04-collision\debug\04-collision.tlog\cl.read.1.tlog
d:\new folder (2)\24122018\gamedev\04-collision\debug\04-collision.tlog\cl.write.1.tlog
d:\new folder (2)\24122018\gamedev\04-collision\debug\04-collision.tlog\link.command.1.tlog
d:\new folder (2)\24122018\gamedev\04-collision\debug\04-collision.tlog\link.read.1.tlog
d:\new folder (2)\24122018\gamedev\04-collision\debug\04-collision.tlog\link.write.1.tlog
